<?xml version="1.0" encoding="UTF-8"?>
<testng-results ignored="0" total="2" passed="2" failed="0" skipped="0">
  <reporter-output>
  </reporter-output>
  <suite started-at="2021-03-08T18:26:00 IST" name="Suite" finished-at="2021-03-08T18:26:09 IST" duration-ms="9348">
    <groups>
    </groups>
    <test started-at="2021-03-08T18:26:00 IST" name="Test" finished-at="2021-03-08T18:26:09 IST" duration-ms="9348">
      <class name="test.TestNgDemo">
        <test-method is-config="true" signature="beforeTest()[pri:0, instance:test.TestNgDemo@293a5bf6]" started-at="2021-03-08T18:26:00 IST" name="beforeTest" finished-at="2021-03-08T18:26:05 IST" duration-ms="5076" status="PASS">
          <reporter-output>
          </reporter-output>
        </test-method> <!-- beforeTest -->
        <test-method signature="CanSearchkeyWordOnGoogleTest()[pri:0, instance:test.TestNgDemo@293a5bf6]" started-at="2021-03-08T18:26:05 IST" name="CanSearchkeyWordOnGoogleTest" finished-at="2021-03-08T18:26:08 IST" duration-ms="2733" status="PASS">
          <reporter-output>
          </reporter-output>
        </test-method> <!-- CanSearchkeyWordOnGoogleTest -->
        <test-method is-config="true" signature="afterTest()[pri:0, instance:test.TestNgDemo@293a5bf6]" started-at="2021-03-08T18:26:08 IST" name="afterTest" finished-at="2021-03-08T18:26:09 IST" duration-ms="1512" status="PASS">
          <reporter-output>
          </reporter-output>
        </test-method> <!-- afterTest -->
      </class> <!-- test.TestNgDemo -->
      <class name="testng.NewTest">
        <test-method signature="f()[pri:0, instance:testng.NewTest@49e53c76]" started-at="2021-03-08T18:26:08 IST" name="f" finished-at="2021-03-08T18:26:08 IST" duration-ms="1" status="PASS">
          <reporter-output>
          </reporter-output>
        </test-method> <!-- f -->
      </class> <!-- testng.NewTest -->
    </test> <!-- Test -->
  </suite> <!-- Suite -->
</testng-results>
